Using pre-set license
Built from '2020.3/staging' branch; Version is '2020.3.17f1 (a4537701e4ab) revision 10769271'; Using compiler version '192528614'; Build Type 'Release'
OS: 'Windows 10 Home; OS build 19042.1165; Version 2009; 64bit' Language: 'en' Physical Memory: 32588 MB
BatchMode: 1, IsHumanControllingUs: 0, StartBugReporterOnCrash: 0, Is64bit: 1, IsPro: 0

COMMAND LINE ARGUMENTS:
C:\Program Files\Unity\Hub\Editor\2020.3.17f1\Editor\Unity.exe
-adb2
-batchMode
-noUpm
-name
AssetImportWorker0
-projectPath
C:/Users/nd_mo/Desktop/PennHwork/568 Game Design/HW2/PhysicsInvaders/PhysicsInvaders Project/PhysicsInvaderRepo/PhysicsInvaders
-logFile
Logs/AssetImportWorker0.log
-srvPort
56269
Successfully changed project path to: C:/Users/nd_mo/Desktop/PennHwork/568 Game Design/HW2/PhysicsInvaders/PhysicsInvaders Project/PhysicsInvaderRepo/PhysicsInvaders
C:/Users/nd_mo/Desktop/PennHwork/568 Game Design/HW2/PhysicsInvaders/PhysicsInvaders Project/PhysicsInvaderRepo/PhysicsInvaders
Using Asset Import Pipeline V2.
Refreshing native plugins compatible for Editor in 25.37 ms, found 2 plugins.
Preloading 0 native plugins for Editor in 0.00 ms.
Initialize engine version: 2020.3.17f1 (a4537701e4ab)
[Subsystems] Discovering subsystems at path C:/Program Files/Unity/Hub/Editor/2020.3.17f1/Editor/Data/Resources/UnitySubsystems
[Subsystems] Discovering subsystems at path C:/Users/nd_mo/Desktop/PennHwork/568 Game Design/HW2/PhysicsInvaders/PhysicsInvaders Project/PhysicsInvaderRepo/PhysicsInvaders/Assets
GfxDevice: creating device client; threaded=0
Direct3D:
    Version:  Direct3D 11.0 [level 11.1]
    Renderer: NVIDIA GeForce RTX 2070 Super (ID=0x1e91)
    Vendor:   
    VRAM:     8011 MB
    Driver:   30.0.14.7168
Initialize mono
Mono path[0] = 'C:/Program Files/Unity/Hub/Editor/2020.3.17f1/Editor/Data/Managed'
Mono path[1] = 'C:/Program Files/Unity/Hub/Editor/2020.3.17f1/Editor/Data/MonoBleedingEdge/lib/mono/unityjit'
Mono config path = 'C:/Program Files/Unity/Hub/Editor/2020.3.17f1/Editor/Data/MonoBleedingEdge/etc'
Using monoOptions --debugger-agent=transport=dt_socket,embedding=1,server=y,suspend=n,address=127.0.0.1:56676
Begin MonoManager ReloadAssembly
Registering precompiled unity dll's ...
Register platform support module: C:/Program Files/Unity/Hub/Editor/2020.3.17f1/Editor/Data/PlaybackEngines/WebGLSupport/UnityEditor.WebGL.Extensions.dll
Register platform support module: C:/Program Files/Unity/Hub/Editor/2020.3.17f1/Editor/Data/PlaybackEngines/WindowsStandaloneSupport/UnityEditor.WindowsStandalone.Extensions.dll
Registered in 0.002078 seconds.
Native extension for WindowsStandalone target not found
Native extension for WebGL target not found
Refreshing native plugins compatible for Editor in 23.06 ms, found 2 plugins.
Preloading 0 native plugins for Editor in 0.00 ms.
Mono: successfully reloaded assembly
- Completed reload, in  1.000 seconds
Domain Reload Profiling:
	ReloadAssembly (1000ms)
		BeginReloadAssembly (44ms)
			ExecutionOrderSort (0ms)
			DisableScriptedObjects (0ms)
			BackupInstance (0ms)
			ReleaseScriptingObjects (0ms)
			CreateAndSetChildDomain (1ms)
		EndReloadAssembly (329ms)
			LoadAssemblies (42ms)
			RebuildTransferFunctionScriptingTraits (0ms)
			SetupTypeCache (121ms)
			ReleaseScriptCaches (0ms)
			RebuildScriptCaches (25ms)
			SetupLoadedEditorAssemblies (121ms)
				LogAssemblyErrors (0ms)
				InitializePlatformSupportModulesInManaged (4ms)
				SetLoadedEditorAssemblies (0ms)
				RefreshPlugins (23ms)
				BeforeProcessingInitializeOnLoad (7ms)
				ProcessInitializeOnLoadAttributes (64ms)
				ProcessInitializeOnLoadMethodAttributes (22ms)
				AfterProcessingInitializeOnLoad (0ms)
				EditorAssembliesLoaded (0ms)
			ExecutionOrderSort2 (0ms)
			AwakeInstancesAfterBackupRestoration (0ms)
Platform modules already initialized, skipping
Registering precompiled user dll's ...
Registered in 0.003370 seconds.
Begin MonoManager ReloadAssembly
Native extension for WindowsStandalone target not found
Native extension for WebGL target not found
Refreshing native plugins compatible for Editor in 0.26 ms, found 2 plugins.
Preloading 0 native plugins for Editor in 0.00 ms.
Mono: successfully reloaded assembly
- Completed reload, in  0.853 seconds
Domain Reload Profiling:
	ReloadAssembly (853ms)
		BeginReloadAssembly (116ms)
			ExecutionOrderSort (0ms)
			DisableScriptedObjects (4ms)
			BackupInstance (0ms)
			ReleaseScriptingObjects (0ms)
			CreateAndSetChildDomain (14ms)
		EndReloadAssembly (687ms)
			LoadAssemblies (68ms)
			RebuildTransferFunctionScriptingTraits (0ms)
			SetupTypeCache (218ms)
			ReleaseScriptCaches (0ms)
			RebuildScriptCaches (33ms)
			SetupLoadedEditorAssemblies (294ms)
				LogAssemblyErrors (0ms)
				InitializePlatformSupportModulesInManaged (5ms)
				SetLoadedEditorAssemblies (0ms)
				RefreshPlugins (0ms)
				BeforeProcessingInitializeOnLoad (46ms)
				ProcessInitializeOnLoadAttributes (233ms)
				ProcessInitializeOnLoadMethodAttributes (3ms)
				AfterProcessingInitializeOnLoad (6ms)
				EditorAssembliesLoaded (0ms)
			ExecutionOrderSort2 (0ms)
			AwakeInstancesAfterBackupRestoration (5ms)
Platform modules already initialized, skipping
========================================================================
Worker process is ready to serve import requests
Launched and connected shader compiler UnityShaderCompiler.exe after 0.03 seconds
Refreshing native plugins compatible for Editor in 0.28 ms, found 2 plugins.
Preloading 0 native plugins for Editor in 0.00 ms.
Unloading 1408 Unused Serialized files (Serialized files now loaded: 0)
System memory in use before: 68.2 MB.
System memory in use after: 68.3 MB.

Unloading 18 unused Assets to reduce memory usage. Loaded Objects now: 1849.
Total: 2.245000 ms (FindLiveObjects: 0.137600 ms CreateObjectMapping: 0.041500 ms MarkObjects: 2.005700 ms  DeleteObjects: 0.059300 ms)

AssetImportParameters requested are different than current active one (requested -> active):
  custom:framework-win-MediaFoundation: 216162199b28c13a410421893ffa2e32 -> 
  custom:video-decoder-ogg-theora: a1e56fd34408186e4bbccfd4996cb3dc -> 
  custom:container-muxer-webm: aa71ff27fc2769a1b78a27578f13a17b -> 
  custom:container-demuxer-webm: 4f35f7cbe854078d1ac9338744f61a02 -> 
  custom:container-demuxer-ogg: 62fdf1f143b41e24485cea50d1cbac27 -> 
  custom:video-encoder-webm-vp8: eb34c28f22e8b96e1ab97ce403110664 -> 
  custom:video-decoder-webm-vp8: 9c59270c3fd7afecdb556c50c9e8de78 -> 
  custom:audio-decoder-ogg-vorbis: bf7c407c2cedff20999df2af8eb42d56 -> 
  custom:audio-encoder-webm-vorbis: bf7c407c2cedff20999df2af8eb42d56 -> 
========================================================================
Received Import Request.
  path: Assets/explosion.wav
  artifactKey: Guid(b83e95534657cdd429dff999172d10e5) Importer(815301076,1909f56bfc062723c751e8b465ee728b)
Start importing Assets/explosion.wav using Guid(b83e95534657cdd429dff999172d10e5) Importer(815301076,1909f56bfc062723c751e8b465ee728b)  -> (artifact id: '1fea8461fed9c4047654feaed1af43e1') in 0.111385 seconds 
  Import took 0.113303 seconds .

========================================================================
Received Import Request.
  Time since last request: 0.000276 seconds.
  path: Assets/prop_asteroid_01_dff.tif
  artifactKey: Guid(79aee7a349903e842b03478acc63d7d8) Importer(815301076,1909f56bfc062723c751e8b465ee728b)
Start importing Assets/prop_asteroid_01_dff.tif using Guid(79aee7a349903e842b03478acc63d7d8) Importer(815301076,1909f56bfc062723c751e8b465ee728b)  -> (artifact id: 'c06b466ff8ca3918fee8b162894b8e31') in 0.026727 seconds 
  Import took 0.028678 seconds .

========================================================================
Received Import Request.
  Time since last request: 0.000292 seconds.
  path: Assets/prop_asteroid_01_nrm.tif
  artifactKey: Guid(23008ea0b58e5da458a076243f03258b) Importer(815301076,1909f56bfc062723c751e8b465ee728b)
Start importing Assets/prop_asteroid_01_nrm.tif using Guid(23008ea0b58e5da458a076243f03258b) Importer(815301076,1909f56bfc062723c751e8b465ee728b)  -> (artifact id: '502304055a2c7b127d212714818e8f6a') in 0.014195 seconds 
  Import took 0.016401 seconds .

========================================================================
Received Import Request.
  Time since last request: 0.000372 seconds.
  path: Assets/ship.png
  artifactKey: Guid(79e9c20848c08fe4ca4939390a141972) Importer(815301076,1909f56bfc062723c751e8b465ee728b)
Start importing Assets/ship.png using Guid(79e9c20848c08fe4ca4939390a141972) Importer(815301076,1909f56bfc062723c751e8b465ee728b)  -> (artifact id: '06b1a2ff13970ea73b33cc4abea30ce5') in 0.021540 seconds 
  Import took 0.023650 seconds .

========================================================================
Received Import Request.
  Time since last request: 0.000310 seconds.
  path: Assets/prop_asteroid_01_nrm.tif
  artifactKey: Guid(23008ea0b58e5da458a076243f03258b) Importer(815301076,1909f56bfc062723c751e8b465ee728b)
Start importing Assets/prop_asteroid_01_nrm.tif using Guid(23008ea0b58e5da458a076243f03258b) Importer(815301076,1909f56bfc062723c751e8b465ee728b)  -> (artifact id: '502304055a2c7b127d212714818e8f6a') in 0.016632 seconds 
  Import took 0.018631 seconds .

========================================================================
Received Import Request.
  Time since last request: 0.000262 seconds.
  path: Assets/vehicle_playerShip_orange_dff.tif
  artifactKey: Guid(9fa28767af798f64eb144ce6c17465ad) Importer(815301076,1909f56bfc062723c751e8b465ee728b)
Start importing Assets/vehicle_playerShip_orange_dff.tif using Guid(9fa28767af798f64eb144ce6c17465ad) Importer(815301076,1909f56bfc062723c751e8b465ee728b)  -> (artifact id: 'fc52673158368cf9b1edbae007bbb506') in 0.027595 seconds 
  Import took 0.029658 seconds .

========================================================================
Received Import Request.
  Time since last request: 0.000331 seconds.
  path: Assets/vehicle_playerShip_orange_nrm.tif
  artifactKey: Guid(80813fe183061814c83445d68318f50d) Importer(815301076,1909f56bfc062723c751e8b465ee728b)
Start importing Assets/vehicle_playerShip_orange_nrm.tif using Guid(80813fe183061814c83445d68318f50d) Importer(815301076,1909f56bfc062723c751e8b465ee728b)  -> (artifact id: '146bf605a14d538797a425c3600ece43') in 0.025186 seconds 
  Import took 0.027188 seconds .

========================================================================
Received Prepare
Registering precompiled user dll's ...
Registered in 0.003662 seconds.
Begin MonoManager ReloadAssembly
Native extension for WindowsStandalone target not found
Native extension for WebGL target not found
Refreshing native plugins compatible for Editor in 0.26 ms, found 2 plugins.
Preloading 0 native plugins for Editor in 0.00 ms.
Mono: successfully reloaded assembly
- Completed reload, in  0.834 seconds
Domain Reload Profiling:
	ReloadAssembly (835ms)
		BeginReloadAssembly (100ms)
			ExecutionOrderSort (0ms)
			DisableScriptedObjects (3ms)
			BackupInstance (0ms)
			ReleaseScriptingObjects (0ms)
			CreateAndSetChildDomain (26ms)
		EndReloadAssembly (685ms)
			LoadAssemblies (65ms)
			RebuildTransferFunctionScriptingTraits (0ms)
			SetupTypeCache (211ms)
			ReleaseScriptCaches (1ms)
			RebuildScriptCaches (31ms)
			SetupLoadedEditorAssemblies (284ms)
				LogAssemblyErrors (0ms)
				InitializePlatformSupportModulesInManaged (5ms)
				SetLoadedEditorAssemblies (0ms)
				RefreshPlugins (0ms)
				BeforeProcessingInitializeOnLoad (41ms)
				ProcessInitializeOnLoadAttributes (228ms)
				ProcessInitializeOnLoadMethodAttributes (3ms)
				AfterProcessingInitializeOnLoad (7ms)
				EditorAssembliesLoaded (0ms)
			ExecutionOrderSort2 (0ms)
			AwakeInstancesAfterBackupRestoration (6ms)
Platform modules already initialized, skipping
Switching build target platform(19) subTarget(0) extendedPlatform(0) -> platform(9) subTarget(16777218) extendedPlatform(0)
Refreshing native plugins compatible for Editor in 0.26 ms, found 2 plugins.
Preloading 0 native plugins for Editor in 0.00 ms.
Unloading 1405 Unused Serialized files (Serialized files now loaded: 0)
System memory in use before: 71.1 MB.
System memory in use after: 71.2 MB.

Unloading 13 unused Assets to reduce memory usage. Loaded Objects now: 1861.
Total: 2.374200 ms (FindLiveObjects: 0.116800 ms CreateObjectMapping: 0.035400 ms MarkObjects: 2.209500 ms  DeleteObjects: 0.011700 ms)

AssetImportParameters requested are different than current active one (requested -> active):
  custom:framework-win-MediaFoundation: 216162199b28c13a410421893ffa2e32 -> 
  custom:video-decoder-ogg-theora: a1e56fd34408186e4bbccfd4996cb3dc -> 
  custom:container-muxer-webm: aa71ff27fc2769a1b78a27578f13a17b -> 
  custom:container-demuxer-webm: 4f35f7cbe854078d1ac9338744f61a02 -> 
  custom:container-demuxer-ogg: 62fdf1f143b41e24485cea50d1cbac27 -> 
  custom:video-encoder-webm-vp8: eb34c28f22e8b96e1ab97ce403110664 -> 
  custom:video-decoder-webm-vp8: 9c59270c3fd7afecdb556c50c9e8de78 -> 
  custom:graphics/normal-map-encoding: 01000000000000000000000000000000 -> 02000000000000000000000000000000
  custom:audio-decoder-ogg-vorbis: bf7c407c2cedff20999df2af8eb42d56 -> 
  custom:audio-encoder-webm-vorbis: bf7c407c2cedff20999df2af8eb42d56 -> 
========================================================================
Received Import Request.
  Time since last request: 299.156879 seconds.
  path: Assets/AlienBullet.prefab
  artifactKey: Guid(3385b1311cf90df40960de020c8780df) Importer(815301076,1909f56bfc062723c751e8b465ee728b)
Start importing Assets/AlienBullet.prefab using Guid(3385b1311cf90df40960de020c8780df) Importer(815301076,1909f56bfc062723c751e8b465ee728b)  -> (artifact id: 'bcf57968d688c31ae759c540efb6d397') in 0.170279 seconds 
  Import took 0.172245 seconds .

========================================================================
Received Import Request.
  Time since last request: 0.613269 seconds.
  path: Assets/AlienBullet.prefab
  artifactKey: Guid(3385b1311cf90df40960de020c8780df) Importer(815301076,1909f56bfc062723c751e8b465ee728b)
Start importing Assets/AlienBullet.prefab using Guid(3385b1311cf90df40960de020c8780df) Importer(815301076,1909f56bfc062723c751e8b465ee728b)  -> (artifact id: '7c95acf64452685f6fdb8a587fda43aa') in 0.010008 seconds 
  Import took 0.012351 seconds .

========================================================================
Received Import Request.
  Time since last request: 8.256571 seconds.
  path: Assets/AlienBullet.prefab
  artifactKey: Guid(3385b1311cf90df40960de020c8780df) Importer(815301076,1909f56bfc062723c751e8b465ee728b)
Start importing Assets/AlienBullet.prefab using Guid(3385b1311cf90df40960de020c8780df) Importer(815301076,1909f56bfc062723c751e8b465ee728b)  -> (artifact id: 'bc590565a1a9cf89cf4addf3ef0b909c') in 0.010049 seconds 
  Import took 0.012375 seconds .

========================================================================
Received Import Request.
  Time since last request: 5.723813 seconds.
  path: Assets/Bullet.prefab
  artifactKey: Guid(46cb7458201a8184bb5f765ec9018b52) Importer(815301076,1909f56bfc062723c751e8b465ee728b)
Start importing Assets/Bullet.prefab using Guid(46cb7458201a8184bb5f765ec9018b52) Importer(815301076,1909f56bfc062723c751e8b465ee728b)  -> (artifact id: 'c1319d20ed1197fd16aaf5c277d349f5') in 0.010146 seconds 
  Import took 0.012619 seconds .

========================================================================
Received Prepare
Registering precompiled user dll's ...
Registered in 0.003544 seconds.
Begin MonoManager ReloadAssembly
Native extension for WindowsStandalone target not found
Native extension for WebGL target not found
Refreshing native plugins compatible for Editor in 0.38 ms, found 2 plugins.
Preloading 0 native plugins for Editor in 0.00 ms.
Mono: successfully reloaded assembly
- Completed reload, in  1.002 seconds
Domain Reload Profiling:
	ReloadAssembly (1002ms)
		BeginReloadAssembly (109ms)
			ExecutionOrderSort (0ms)
			DisableScriptedObjects (4ms)
			BackupInstance (0ms)
			ReleaseScriptingObjects (0ms)
			CreateAndSetChildDomain (31ms)
		EndReloadAssembly (833ms)
			LoadAssemblies (83ms)
			RebuildTransferFunctionScriptingTraits (0ms)
			SetupTypeCache (258ms)
			ReleaseScriptCaches (1ms)
			RebuildScriptCaches (34ms)
			SetupLoadedEditorAssemblies (352ms)
				LogAssemblyErrors (0ms)
				InitializePlatformSupportModulesInManaged (6ms)
				SetLoadedEditorAssemblies (0ms)
				RefreshPlugins (0ms)
				BeforeProcessingInitializeOnLoad (49ms)
				ProcessInitializeOnLoadAttributes (286ms)
				ProcessInitializeOnLoadMethodAttributes (3ms)
				AfterProcessingInitializeOnLoad (6ms)
				EditorAssembliesLoaded (0ms)
			ExecutionOrderSort2 (0ms)
			AwakeInstancesAfterBackupRestoration (6ms)
Platform modules already initialized, skipping
Switching build target platform(19) subTarget(0) extendedPlatform(0) -> platform(9) subTarget(16777218) extendedPlatform(0)
Refreshing native plugins compatible for Editor in 0.39 ms, found 2 plugins.
Preloading 0 native plugins for Editor in 0.00 ms.
Unloading 1405 Unused Serialized files (Serialized files now loaded: 0)
System memory in use before: 71.2 MB.
System memory in use after: 71.3 MB.

Unloading 14 unused Assets to reduce memory usage. Loaded Objects now: 1865.
Total: 2.645000 ms (FindLiveObjects: 0.215400 ms CreateObjectMapping: 0.052300 ms MarkObjects: 2.354900 ms  DeleteObjects: 0.020700 ms)

AssetImportParameters requested are different than current active one (requested -> active):
  custom:framework-win-MediaFoundation: 216162199b28c13a410421893ffa2e32 -> 
  custom:video-decoder-ogg-theora: a1e56fd34408186e4bbccfd4996cb3dc -> 
  custom:container-muxer-webm: aa71ff27fc2769a1b78a27578f13a17b -> 
  custom:container-demuxer-webm: 4f35f7cbe854078d1ac9338744f61a02 -> 
  custom:container-demuxer-ogg: 62fdf1f143b41e24485cea50d1cbac27 -> 
  custom:video-encoder-webm-vp8: eb34c28f22e8b96e1ab97ce403110664 -> 
  custom:video-decoder-webm-vp8: 9c59270c3fd7afecdb556c50c9e8de78 -> 
  custom:graphics/normal-map-encoding: 01000000000000000000000000000000 -> 02000000000000000000000000000000
  custom:audio-decoder-ogg-vorbis: bf7c407c2cedff20999df2af8eb42d56 -> 
  custom:audio-encoder-webm-vorbis: bf7c407c2cedff20999df2af8eb42d56 -> 
========================================================================
Received Import Request.
  Time since last request: 43.080667 seconds.
  path: Assets/AlienBullet.prefab
  artifactKey: Guid(3385b1311cf90df40960de020c8780df) Importer(815301076,1909f56bfc062723c751e8b465ee728b)
Start importing Assets/AlienBullet.prefab using Guid(3385b1311cf90df40960de020c8780df) Importer(815301076,1909f56bfc062723c751e8b465ee728b)  -> (artifact id: 'ef554b7b697512787d8de57582ffb8be') in 0.051451 seconds 
  Import took 0.054128 seconds .

========================================================================
Received Prepare
Registering precompiled user dll's ...
Registered in 0.004227 seconds.
Begin MonoManager ReloadAssembly
Native extension for WindowsStandalone target not found
Native extension for WebGL target not found
Refreshing native plugins compatible for Editor in 0.27 ms, found 2 plugins.
Preloading 0 native plugins for Editor in 0.00 ms.
Mono: successfully reloaded assembly
- Completed reload, in  0.899 seconds
Domain Reload Profiling:
	ReloadAssembly (899ms)
		BeginReloadAssembly (95ms)
			ExecutionOrderSort (0ms)
			DisableScriptedObjects (4ms)
			BackupInstance (0ms)
			ReleaseScriptingObjects (0ms)
			CreateAndSetChildDomain (25ms)
		EndReloadAssembly (746ms)
			LoadAssemblies (75ms)
			RebuildTransferFunctionScriptingTraits (0ms)
			SetupTypeCache (214ms)
			ReleaseScriptCaches (1ms)
			RebuildScriptCaches (33ms)
			SetupLoadedEditorAssemblies (321ms)
				LogAssemblyErrors (0ms)
				InitializePlatformSupportModulesInManaged (5ms)
				SetLoadedEditorAssemblies (0ms)
				RefreshPlugins (0ms)
				BeforeProcessingInitializeOnLoad (42ms)
				ProcessInitializeOnLoadAttributes (260ms)
				ProcessInitializeOnLoadMethodAttributes (3ms)
				AfterProcessingInitializeOnLoad (10ms)
				EditorAssembliesLoaded (0ms)
			ExecutionOrderSort2 (0ms)
			AwakeInstancesAfterBackupRestoration (6ms)
Platform modules already initialized, skipping
Switching build target platform(19) subTarget(0) extendedPlatform(0) -> platform(9) subTarget(16777218) extendedPlatform(0)
Refreshing native plugins compatible for Editor in 0.27 ms, found 2 plugins.
Preloading 0 native plugins for Editor in 0.00 ms.
Unloading 1405 Unused Serialized files (Serialized files now loaded: 0)
System memory in use before: 71.3 MB.
System memory in use after: 71.4 MB.

Unloading 14 unused Assets to reduce memory usage. Loaded Objects now: 1868.
Total: 2.389700 ms (FindLiveObjects: 0.121800 ms CreateObjectMapping: 0.037200 ms MarkObjects: 2.212700 ms  DeleteObjects: 0.017200 ms)

AssetImportParameters requested are different than current active one (requested -> active):
  custom:framework-win-MediaFoundation: 216162199b28c13a410421893ffa2e32 -> 
  custom:video-decoder-ogg-theora: a1e56fd34408186e4bbccfd4996cb3dc -> 
  custom:container-muxer-webm: aa71ff27fc2769a1b78a27578f13a17b -> 
  custom:container-demuxer-webm: 4f35f7cbe854078d1ac9338744f61a02 -> 
  custom:container-demuxer-ogg: 62fdf1f143b41e24485cea50d1cbac27 -> 
  custom:video-encoder-webm-vp8: eb34c28f22e8b96e1ab97ce403110664 -> 
  custom:video-decoder-webm-vp8: 9c59270c3fd7afecdb556c50c9e8de78 -> 
  custom:graphics/normal-map-encoding: 01000000000000000000000000000000 -> 02000000000000000000000000000000
  custom:audio-decoder-ogg-vorbis: bf7c407c2cedff20999df2af8eb42d56 -> 
  custom:audio-encoder-webm-vorbis: bf7c407c2cedff20999df2af8eb42d56 -> 
========================================================================
Received Import Request.
  Time since last request: 70.658986 seconds.
  path: Assets/BulletScript.cs
  artifactKey: Guid(6ee06dc3a530dc34db1ee37492330951) Importer(815301076,1909f56bfc062723c751e8b465ee728b)
Start importing Assets/BulletScript.cs using Guid(6ee06dc3a530dc34db1ee37492330951) Importer(815301076,1909f56bfc062723c751e8b465ee728b)  -> (artifact id: '31e845bb1e166a9d0085b165b402f92f') in 0.009387 seconds 
  Import took 0.012484 seconds .

========================================================================
Received Prepare
Registering precompiled user dll's ...
Registered in 0.003401 seconds.
Begin MonoManager ReloadAssembly
Native extension for WindowsStandalone target not found
Native extension for WebGL target not found
Refreshing native plugins compatible for Editor in 0.28 ms, found 2 plugins.
Preloading 0 native plugins for Editor in 0.00 ms.
Mono: successfully reloaded assembly
- Completed reload, in  0.882 seconds
Domain Reload Profiling:
	ReloadAssembly (883ms)
		BeginReloadAssembly (92ms)
			ExecutionOrderSort (0ms)
			DisableScriptedObjects (4ms)
			BackupInstance (0ms)
			ReleaseScriptingObjects (0ms)
			CreateAndSetChildDomain (25ms)
		EndReloadAssembly (726ms)
			LoadAssemblies (75ms)
			RebuildTransferFunctionScriptingTraits (0ms)
			SetupTypeCache (212ms)
			ReleaseScriptCaches (1ms)
			RebuildScriptCaches (29ms)
			SetupLoadedEditorAssemblies (299ms)
				LogAssemblyErrors (0ms)
				InitializePlatformSupportModulesInManaged (6ms)
				SetLoadedEditorAssemblies (0ms)
				RefreshPlugins (0ms)
				BeforeProcessingInitializeOnLoad (45ms)
				ProcessInitializeOnLoadAttributes (237ms)
				ProcessInitializeOnLoadMethodAttributes (3ms)
				AfterProcessingInitializeOnLoad (7ms)
				EditorAssembliesLoaded (0ms)
			ExecutionOrderSort2 (0ms)
			AwakeInstancesAfterBackupRestoration (5ms)
Platform modules already initialized, skipping
Switching build target platform(19) subTarget(0) extendedPlatform(0) -> platform(9) subTarget(16777218) extendedPlatform(0)
Refreshing native plugins compatible for Editor in 0.29 ms, found 2 plugins.
Preloading 0 native plugins for Editor in 0.00 ms.
Unloading 1405 Unused Serialized files (Serialized files now loaded: 0)
System memory in use before: 71.3 MB.
System memory in use after: 71.4 MB.

Unloading 13 unused Assets to reduce memory usage. Loaded Objects now: 1870.
Total: 2.180300 ms (FindLiveObjects: 0.131000 ms CreateObjectMapping: 0.037600 ms MarkObjects: 1.999700 ms  DeleteObjects: 0.011300 ms)

AssetImportParameters requested are different than current active one (requested -> active):
  custom:framework-win-MediaFoundation: 216162199b28c13a410421893ffa2e32 -> 
  custom:video-decoder-ogg-theora: a1e56fd34408186e4bbccfd4996cb3dc -> 
  custom:container-muxer-webm: aa71ff27fc2769a1b78a27578f13a17b -> 
  custom:container-demuxer-webm: 4f35f7cbe854078d1ac9338744f61a02 -> 
  custom:container-demuxer-ogg: 62fdf1f143b41e24485cea50d1cbac27 -> 
  custom:video-encoder-webm-vp8: eb34c28f22e8b96e1ab97ce403110664 -> 
  custom:video-decoder-webm-vp8: 9c59270c3fd7afecdb556c50c9e8de78 -> 
  custom:graphics/normal-map-encoding: 01000000000000000000000000000000 -> 02000000000000000000000000000000
  custom:audio-decoder-ogg-vorbis: bf7c407c2cedff20999df2af8eb42d56 -> 
  custom:audio-encoder-webm-vorbis: bf7c407c2cedff20999df2af8eb42d56 -> 
========================================================================
Received Import Request.
  Time since last request: 35.173254 seconds.
  path: Assets/BulletScript.cs
  artifactKey: Guid(6ee06dc3a530dc34db1ee37492330951) Importer(815301076,1909f56bfc062723c751e8b465ee728b)
Start importing Assets/BulletScript.cs using Guid(6ee06dc3a530dc34db1ee37492330951) Importer(815301076,1909f56bfc062723c751e8b465ee728b)  -> (artifact id: '05f91736d4818e03362904288e5a70c0') in 0.004374 seconds 
  Import took 0.006266 seconds .

========================================================================
Received Prepare
Registering precompiled user dll's ...
Registered in 0.003977 seconds.
Begin MonoManager ReloadAssembly
Native extension for WindowsStandalone target not found
Native extension for WebGL target not found
Refreshing native plugins compatible for Editor in 0.34 ms, found 2 plugins.
Preloading 0 native plugins for Editor in 0.00 ms.
Mono: successfully reloaded assembly
- Completed reload, in  1.041 seconds
Domain Reload Profiling:
	ReloadAssembly (1041ms)
		BeginReloadAssembly (108ms)
			ExecutionOrderSort (0ms)
			DisableScriptedObjects (4ms)
			BackupInstance (0ms)
			ReleaseScriptingObjects (0ms)
			CreateAndSetChildDomain (31ms)
		EndReloadAssembly (871ms)
			LoadAssemblies (82ms)
			RebuildTransferFunctionScriptingTraits (0ms)
			SetupTypeCache (259ms)
			ReleaseScriptCaches (1ms)
			RebuildScriptCaches (35ms)
			SetupLoadedEditorAssemblies (367ms)
				LogAssemblyErrors (0ms)
				InitializePlatformSupportModulesInManaged (6ms)
				SetLoadedEditorAssemblies (1ms)
				RefreshPlugins (0ms)
				BeforeProcessingInitializeOnLoad (52ms)
				ProcessInitializeOnLoadAttributes (298ms)
				ProcessInitializeOnLoadMethodAttributes (3ms)
				AfterProcessingInitializeOnLoad (7ms)
				EditorAssembliesLoaded (0ms)
			ExecutionOrderSort2 (0ms)
			AwakeInstancesAfterBackupRestoration (6ms)
Platform modules already initialized, skipping
Switching build target platform(19) subTarget(0) extendedPlatform(0) -> platform(9) subTarget(16777218) extendedPlatform(0)
Refreshing native plugins compatible for Editor in 0.39 ms, found 2 plugins.
Preloading 0 native plugins for Editor in 0.00 ms.
Unloading 1405 Unused Serialized files (Serialized files now loaded: 0)
System memory in use before: 71.3 MB.
System memory in use after: 71.4 MB.

Unloading 13 unused Assets to reduce memory usage. Loaded Objects now: 1872.
Total: 3.240000 ms (FindLiveObjects: 0.212900 ms CreateObjectMapping: 0.086100 ms MarkObjects: 2.923600 ms  DeleteObjects: 0.016100 ms)

AssetImportParameters requested are different than current active one (requested -> active):
  custom:framework-win-MediaFoundation: 216162199b28c13a410421893ffa2e32 -> 
  custom:video-decoder-ogg-theora: a1e56fd34408186e4bbccfd4996cb3dc -> 
  custom:container-muxer-webm: aa71ff27fc2769a1b78a27578f13a17b -> 
  custom:container-demuxer-webm: 4f35f7cbe854078d1ac9338744f61a02 -> 
  custom:container-demuxer-ogg: 62fdf1f143b41e24485cea50d1cbac27 -> 
  custom:video-encoder-webm-vp8: eb34c28f22e8b96e1ab97ce403110664 -> 
  custom:video-decoder-webm-vp8: 9c59270c3fd7afecdb556c50c9e8de78 -> 
  custom:graphics/normal-map-encoding: 01000000000000000000000000000000 -> 02000000000000000000000000000000
  custom:audio-decoder-ogg-vorbis: bf7c407c2cedff20999df2af8eb42d56 -> 
  custom:audio-encoder-webm-vorbis: bf7c407c2cedff20999df2af8eb42d56 -> 
========================================================================
Received Prepare
Registering precompiled user dll's ...
Registered in 0.003467 seconds.
Begin MonoManager ReloadAssembly
Native extension for WindowsStandalone target not found
Native extension for WebGL target not found
Refreshing native plugins compatible for Editor in 0.42 ms, found 2 plugins.
Preloading 0 native plugins for Editor in 0.00 ms.
Mono: successfully reloaded assembly
- Completed reload, in  1.025 seconds
Domain Reload Profiling:
	ReloadAssembly (1026ms)
		BeginReloadAssembly (104ms)
			ExecutionOrderSort (0ms)
			DisableScriptedObjects (4ms)
			BackupInstance (0ms)
			ReleaseScriptingObjects (0ms)
			CreateAndSetChildDomain (26ms)
		EndReloadAssembly (857ms)
			LoadAssemblies (76ms)
			RebuildTransferFunctionScriptingTraits (0ms)
			SetupTypeCache (242ms)
			ReleaseScriptCaches (1ms)
			RebuildScriptCaches (36ms)
			SetupLoadedEditorAssemblies (341ms)
				LogAssemblyErrors (0ms)
				InitializePlatformSupportModulesInManaged (6ms)
				SetLoadedEditorAssemblies (1ms)
				RefreshPlugins (1ms)
				BeforeProcessingInitializeOnLoad (53ms)
				ProcessInitializeOnLoadAttributes (270ms)
				ProcessInitializeOnLoadMethodAttributes (3ms)
				AfterProcessingInitializeOnLoad (7ms)
				EditorAssembliesLoaded (0ms)
			ExecutionOrderSort2 (0ms)
			AwakeInstancesAfterBackupRestoration (7ms)
Platform modules already initialized, skipping
Switching build target platform(19) subTarget(0) extendedPlatform(0) -> platform(9) subTarget(16777218) extendedPlatform(0)
Refreshing native plugins compatible for Editor in 0.32 ms, found 2 plugins.
Preloading 0 native plugins for Editor in 0.00 ms.
Unloading 1405 Unused Serialized files (Serialized files now loaded: 0)
System memory in use before: 71.3 MB.
System memory in use after: 71.4 MB.

Unloading 13 unused Assets to reduce memory usage. Loaded Objects now: 1874.
Total: 2.881300 ms (FindLiveObjects: 0.198100 ms CreateObjectMapping: 0.048000 ms MarkObjects: 2.614500 ms  DeleteObjects: 0.019100 ms)

AssetImportParameters requested are different than current active one (requested -> active):
  custom:framework-win-MediaFoundation: 216162199b28c13a410421893ffa2e32 -> 
  custom:video-decoder-ogg-theora: a1e56fd34408186e4bbccfd4996cb3dc -> 
  custom:container-muxer-webm: aa71ff27fc2769a1b78a27578f13a17b -> 
  custom:container-demuxer-webm: 4f35f7cbe854078d1ac9338744f61a02 -> 
  custom:container-demuxer-ogg: 62fdf1f143b41e24485cea50d1cbac27 -> 
  custom:video-encoder-webm-vp8: eb34c28f22e8b96e1ab97ce403110664 -> 
  custom:video-decoder-webm-vp8: 9c59270c3fd7afecdb556c50c9e8de78 -> 
  custom:graphics/normal-map-encoding: 01000000000000000000000000000000 -> 02000000000000000000000000000000
  custom:audio-decoder-ogg-vorbis: bf7c407c2cedff20999df2af8eb42d56 -> 
  custom:audio-encoder-webm-vorbis: bf7c407c2cedff20999df2af8eb42d56 -> 
========================================================================
Received Import Request.
  Time since last request: 210.963654 seconds.
  path: Assets/Ship.cs
  artifactKey: Guid(4149d3c5b29cdb349a3e2a38b68f116d) Importer(815301076,1909f56bfc062723c751e8b465ee728b)
Start importing Assets/Ship.cs using Guid(4149d3c5b29cdb349a3e2a38b68f116d) Importer(815301076,1909f56bfc062723c751e8b465ee728b)  -> (artifact id: 'db4699df6886e651792c30d621a5eeb7') in 0.008337 seconds 
  Import took 0.011729 seconds .

========================================================================
Received Prepare
Registering precompiled user dll's ...
Registered in 0.005445 seconds.
Begin MonoManager ReloadAssembly
Native extension for WindowsStandalone target not found
Native extension for WebGL target not found
Refreshing native plugins compatible for Editor in 0.50 ms, found 2 plugins.
Preloading 0 native plugins for Editor in 0.00 ms.
Mono: successfully reloaded assembly
- Completed reload, in  1.033 seconds
Domain Reload Profiling:
	ReloadAssembly (1033ms)
		BeginReloadAssembly (97ms)
			ExecutionOrderSort (0ms)
			DisableScriptedObjects (4ms)
			BackupInstance (0ms)
			ReleaseScriptingObjects (0ms)
			CreateAndSetChildDomain (24ms)
		EndReloadAssembly (878ms)
			LoadAssemblies (76ms)
			RebuildTransferFunctionScriptingTraits (0ms)
			SetupTypeCache (256ms)
			ReleaseScriptCaches (1ms)
			RebuildScriptCaches (35ms)
			SetupLoadedEditorAssemblies (363ms)
				LogAssemblyErrors (0ms)
				InitializePlatformSupportModulesInManaged (6ms)
				SetLoadedEditorAssemblies (0ms)
				RefreshPlugins (1ms)
				BeforeProcessingInitializeOnLoad (59ms)
				ProcessInitializeOnLoadAttributes (286ms)
				ProcessInitializeOnLoadMethodAttributes (3ms)
				AfterProcessingInitializeOnLoad (8ms)
				EditorAssembliesLoaded (0ms)
			ExecutionOrderSort2 (0ms)
			AwakeInstancesAfterBackupRestoration (6ms)
Platform modules already initialized, skipping
Switching build target platform(19) subTarget(0) extendedPlatform(0) -> platform(9) subTarget(16777218) extendedPlatform(0)
Refreshing native plugins compatible for Editor in 0.32 ms, found 2 plugins.
Preloading 0 native plugins for Editor in 0.00 ms.
Unloading 1405 Unused Serialized files (Serialized files now loaded: 0)
System memory in use before: 71.3 MB.
System memory in use after: 71.4 MB.

Unloading 13 unused Assets to reduce memory usage. Loaded Objects now: 1876.
Total: 3.060600 ms (FindLiveObjects: 0.170200 ms CreateObjectMapping: 0.045600 ms MarkObjects: 2.827200 ms  DeleteObjects: 0.016300 ms)

AssetImportParameters requested are different than current active one (requested -> active):
  custom:framework-win-MediaFoundation: 216162199b28c13a410421893ffa2e32 -> 
  custom:video-decoder-ogg-theora: a1e56fd34408186e4bbccfd4996cb3dc -> 
  custom:container-muxer-webm: aa71ff27fc2769a1b78a27578f13a17b -> 
  custom:container-demuxer-webm: 4f35f7cbe854078d1ac9338744f61a02 -> 
  custom:container-demuxer-ogg: 62fdf1f143b41e24485cea50d1cbac27 -> 
  custom:video-encoder-webm-vp8: eb34c28f22e8b96e1ab97ce403110664 -> 
  custom:video-decoder-webm-vp8: 9c59270c3fd7afecdb556c50c9e8de78 -> 
  custom:graphics/normal-map-encoding: 01000000000000000000000000000000 -> 02000000000000000000000000000000
  custom:audio-decoder-ogg-vorbis: bf7c407c2cedff20999df2af8eb42d56 -> 
  custom:audio-encoder-webm-vorbis: bf7c407c2cedff20999df2af8eb42d56 -> 
========================================================================
Received Import Request.
  Time since last request: 79.078920 seconds.
  path: Assets/Bullet.prefab
  artifactKey: Guid(46cb7458201a8184bb5f765ec9018b52) Importer(815301076,1909f56bfc062723c751e8b465ee728b)
Start importing Assets/Bullet.prefab using Guid(46cb7458201a8184bb5f765ec9018b52) Importer(815301076,1909f56bfc062723c751e8b465ee728b)  -> (artifact id: '58956bc102465e0d68010b51a2ec02b8') in 0.053057 seconds 
  Import took 0.055265 seconds .

========================================================================
Received Import Request.
  Time since last request: 0.942245 seconds.
  path: Assets/Bullet.prefab
  artifactKey: Guid(46cb7458201a8184bb5f765ec9018b52) Importer(815301076,1909f56bfc062723c751e8b465ee728b)
Start importing Assets/Bullet.prefab using Guid(46cb7458201a8184bb5f765ec9018b52) Importer(815301076,1909f56bfc062723c751e8b465ee728b)  -> (artifact id: 'b7d03e2e7ffe9c28ad079d2b41fccaf8') in 0.008052 seconds 
  Import took 0.010401 seconds .

========================================================================
Received Prepare
Registering precompiled user dll's ...
Registered in 0.003397 seconds.
Begin MonoManager ReloadAssembly
Native extension for WindowsStandalone target not found
Native extension for WebGL target not found
Refreshing native plugins compatible for Editor in 0.26 ms, found 2 plugins.
Preloading 0 native plugins for Editor in 0.00 ms.
Mono: successfully reloaded assembly
- Completed reload, in  0.903 seconds
Domain Reload Profiling:
	ReloadAssembly (903ms)
		BeginReloadAssembly (95ms)
			ExecutionOrderSort (0ms)
			DisableScriptedObjects (4ms)
			BackupInstance (0ms)
			ReleaseScriptingObjects (0ms)
			CreateAndSetChildDomain (30ms)
		EndReloadAssembly (744ms)
			LoadAssemblies (74ms)
			RebuildTransferFunctionScriptingTraits (0ms)
			SetupTypeCache (215ms)
			ReleaseScriptCaches (1ms)
			RebuildScriptCaches (30ms)
			SetupLoadedEditorAssemblies (290ms)
				LogAssemblyErrors (0ms)
				InitializePlatformSupportModulesInManaged (6ms)
				SetLoadedEditorAssemblies (0ms)
				RefreshPlugins (0ms)
				BeforeProcessingInitializeOnLoad (42ms)
				ProcessInitializeOnLoadAttributes (231ms)
				ProcessInitializeOnLoadMethodAttributes (3ms)
				AfterProcessingInitializeOnLoad (7ms)
				EditorAssembliesLoaded (0ms)
			ExecutionOrderSort2 (0ms)
			AwakeInstancesAfterBackupRestoration (6ms)
Platform modules already initialized, skipping
Switching build target platform(19) subTarget(0) extendedPlatform(0) -> platform(9) subTarget(16777218) extendedPlatform(0)
Refreshing native plugins compatible for Editor in 0.28 ms, found 2 plugins.
Preloading 0 native plugins for Editor in 0.00 ms.
Unloading 1405 Unused Serialized files (Serialized files now loaded: 0)
System memory in use before: 71.3 MB.
System memory in use after: 71.4 MB.

Unloading 14 unused Assets to reduce memory usage. Loaded Objects now: 1879.
Total: 2.335800 ms (FindLiveObjects: 0.155400 ms CreateObjectMapping: 0.050500 ms MarkObjects: 2.111600 ms  DeleteObjects: 0.017400 ms)

AssetImportParameters requested are different than current active one (requested -> active):
  custom:framework-win-MediaFoundation: 216162199b28c13a410421893ffa2e32 -> 
  custom:video-decoder-ogg-theora: a1e56fd34408186e4bbccfd4996cb3dc -> 
  custom:container-muxer-webm: aa71ff27fc2769a1b78a27578f13a17b -> 
  custom:container-demuxer-webm: 4f35f7cbe854078d1ac9338744f61a02 -> 
  custom:container-demuxer-ogg: 62fdf1f143b41e24485cea50d1cbac27 -> 
  custom:video-encoder-webm-vp8: eb34c28f22e8b96e1ab97ce403110664 -> 
  custom:video-decoder-webm-vp8: 9c59270c3fd7afecdb556c50c9e8de78 -> 
  custom:graphics/normal-map-encoding: 01000000000000000000000000000000 -> 02000000000000000000000000000000
  custom:audio-decoder-ogg-vorbis: bf7c407c2cedff20999df2af8eb42d56 -> 
  custom:audio-encoder-webm-vorbis: bf7c407c2cedff20999df2af8eb42d56 -> 
========================================================================
Received Prepare
Registering precompiled user dll's ...
Registered in 0.003701 seconds.
Begin MonoManager ReloadAssembly
Native extension for WindowsStandalone target not found
Native extension for WebGL target not found
Refreshing native plugins compatible for Editor in 0.33 ms, found 2 plugins.
Preloading 0 native plugins for Editor in 0.00 ms.
Mono: successfully reloaded assembly
- Completed reload, in  0.886 seconds
Domain Reload Profiling:
	ReloadAssembly (887ms)
		BeginReloadAssembly (98ms)
			ExecutionOrderSort (0ms)
			DisableScriptedObjects (4ms)
			BackupInstance (0ms)
			ReleaseScriptingObjects (0ms)
			CreateAndSetChildDomain (24ms)
		EndReloadAssembly (738ms)
			LoadAssemblies (66ms)
			RebuildTransferFunctionScriptingTraits (0ms)
			SetupTypeCache (212ms)
			ReleaseScriptCaches (1ms)
			RebuildScriptCaches (29ms)
			SetupLoadedEditorAssemblies (287ms)
				LogAssemblyErrors (0ms)
				InitializePlatformSupportModulesInManaged (5ms)
				SetLoadedEditorAssemblies (0ms)
				RefreshPlugins (0ms)
				BeforeProcessingInitializeOnLoad (41ms)
				ProcessInitializeOnLoadAttributes (231ms)
				ProcessInitializeOnLoadMethodAttributes (3ms)
				AfterProcessingInitializeOnLoad (7ms)
				EditorAssembliesLoaded (0ms)
			ExecutionOrderSort2 (0ms)
			AwakeInstancesAfterBackupRestoration (5ms)
Platform modules already initialized, skipping
Switching build target platform(19) subTarget(0) extendedPlatform(0) -> platform(9) subTarget(16777218) extendedPlatform(0)
Refreshing native plugins compatible for Editor in 0.27 ms, found 2 plugins.
Preloading 0 native plugins for Editor in 0.00 ms.
Unloading 1405 Unused Serialized files (Serialized files now loaded: 0)
System memory in use before: 71.3 MB.
System memory in use after: 71.4 MB.

Unloading 13 unused Assets to reduce memory usage. Loaded Objects now: 1881.
Total: 2.279100 ms (FindLiveObjects: 0.116300 ms CreateObjectMapping: 0.033500 ms MarkObjects: 2.076200 ms  DeleteObjects: 0.052400 ms)

AssetImportParameters requested are different than current active one (requested -> active):
  custom:framework-win-MediaFoundation: 216162199b28c13a410421893ffa2e32 -> 
  custom:video-decoder-ogg-theora: a1e56fd34408186e4bbccfd4996cb3dc -> 
  custom:container-muxer-webm: aa71ff27fc2769a1b78a27578f13a17b -> 
  custom:container-demuxer-webm: 4f35f7cbe854078d1ac9338744f61a02 -> 
  custom:container-demuxer-ogg: 62fdf1f143b41e24485cea50d1cbac27 -> 
  custom:video-encoder-webm-vp8: eb34c28f22e8b96e1ab97ce403110664 -> 
  custom:video-decoder-webm-vp8: 9c59270c3fd7afecdb556c50c9e8de78 -> 
  custom:graphics/normal-map-encoding: 01000000000000000000000000000000 -> 02000000000000000000000000000000
  custom:audio-decoder-ogg-vorbis: bf7c407c2cedff20999df2af8eb42d56 -> 
  custom:audio-encoder-webm-vorbis: bf7c407c2cedff20999df2af8eb42d56 -> 
========================================================================
Received Import Request.
  Time since last request: 144.901278 seconds.
  path: Assets/AlienBullet.prefab
  artifactKey: Guid(3385b1311cf90df40960de020c8780df) Importer(815301076,1909f56bfc062723c751e8b465ee728b)
Start importing Assets/AlienBullet.prefab using Guid(3385b1311cf90df40960de020c8780df) Importer(815301076,1909f56bfc062723c751e8b465ee728b)  -> (artifact id: '5c8610d2bd3cfca39cf766c52a042ca0') in 0.043972 seconds 
  Import took 0.046002 seconds .

========================================================================
Received Import Request.
  Time since last request: 0.198527 seconds.
  path: Assets/AlienBullet.prefab
  artifactKey: Guid(3385b1311cf90df40960de020c8780df) Importer(815301076,1909f56bfc062723c751e8b465ee728b)
Start importing Assets/AlienBullet.prefab using Guid(3385b1311cf90df40960de020c8780df) Importer(815301076,1909f56bfc062723c751e8b465ee728b)  -> (artifact id: '5ef837307db75313f64f9a8721599bcb') in 0.011867 seconds 
  Import took 0.014020 seconds .

========================================================================
Received Import Request.
  Time since last request: 21.992693 seconds.
  path: Assets/Bullet.prefab
  artifactKey: Guid(46cb7458201a8184bb5f765ec9018b52) Importer(815301076,1909f56bfc062723c751e8b465ee728b)
Start importing Assets/Bullet.prefab using Guid(46cb7458201a8184bb5f765ec9018b52) Importer(815301076,1909f56bfc062723c751e8b465ee728b)  -> (artifact id: '92c0771609f21a289c3b669832afa001') in 0.013477 seconds 
  Import took 0.015935 seconds .

========================================================================
Received Import Request.
  Time since last request: 3.612943 seconds.
  path: Assets/Bullet.prefab
  artifactKey: Guid(46cb7458201a8184bb5f765ec9018b52) Importer(815301076,1909f56bfc062723c751e8b465ee728b)
Start importing Assets/Bullet.prefab using Guid(46cb7458201a8184bb5f765ec9018b52) Importer(815301076,1909f56bfc062723c751e8b465ee728b)  -> (artifact id: '35a001c5be37d62513366b3f6dc98502') in 0.008699 seconds 
  Import took 0.011216 seconds .

========================================================================
Received Import Request.
  Time since last request: 10.090525 seconds.
  path: Assets/Bullet.prefab
  artifactKey: Guid(46cb7458201a8184bb5f765ec9018b52) Importer(815301076,1909f56bfc062723c751e8b465ee728b)
Start importing Assets/Bullet.prefab using Guid(46cb7458201a8184bb5f765ec9018b52) Importer(815301076,1909f56bfc062723c751e8b465ee728b)  -> (artifact id: '9f6a4d901926d04e7927203fd30ab6b0') in 0.009573 seconds 
  Import took 0.011748 seconds .

========================================================================
Received Import Request.
  Time since last request: 6.751216 seconds.
  path: Assets/AlienBullet.prefab
  artifactKey: Guid(3385b1311cf90df40960de020c8780df) Importer(815301076,1909f56bfc062723c751e8b465ee728b)
Start importing Assets/AlienBullet.prefab using Guid(3385b1311cf90df40960de020c8780df) Importer(815301076,1909f56bfc062723c751e8b465ee728b)  -> (artifact id: '49de41a23bfb530e363c4712fdd2f625') in 0.009812 seconds 
  Import took 0.011881 seconds .

========================================================================
Received Prepare
Registering precompiled user dll's ...
Registered in 0.004020 seconds.
Begin MonoManager ReloadAssembly
Native extension for WindowsStandalone target not found
Native extension for WebGL target not found
Refreshing native plugins compatible for Editor in 0.27 ms, found 2 plugins.
Preloading 0 native plugins for Editor in 0.00 ms.
Mono: successfully reloaded assembly
- Completed reload, in  0.914 seconds
Domain Reload Profiling:
	ReloadAssembly (914ms)
		BeginReloadAssembly (94ms)
			ExecutionOrderSort (0ms)
			DisableScriptedObjects (3ms)
			BackupInstance (0ms)
			ReleaseScriptingObjects (0ms)
			CreateAndSetChildDomain (25ms)
		EndReloadAssembly (769ms)
			LoadAssemblies (67ms)
			RebuildTransferFunctionScriptingTraits (0ms)
			SetupTypeCache (220ms)
			ReleaseScriptCaches (1ms)
			RebuildScriptCaches (30ms)
			SetupLoadedEditorAssemblies (295ms)
				LogAssemblyErrors (0ms)
				InitializePlatformSupportModulesInManaged (5ms)
				SetLoadedEditorAssemblies (0ms)
				RefreshPlugins (0ms)
				BeforeProcessingInitializeOnLoad (44ms)
				ProcessInitializeOnLoadAttributes (234ms)
				ProcessInitializeOnLoadMethodAttributes (3ms)
				AfterProcessingInitializeOnLoad (8ms)
				EditorAssembliesLoaded (0ms)
			ExecutionOrderSort2 (0ms)
			AwakeInstancesAfterBackupRestoration (6ms)
Platform modules already initialized, skipping
Switching build target platform(19) subTarget(0) extendedPlatform(0) -> platform(9) subTarget(16777218) extendedPlatform(0)
Refreshing native plugins compatible for Editor in 0.27 ms, found 2 plugins.
Preloading 0 native plugins for Editor in 0.00 ms.
Unloading 1405 Unused Serialized files (Serialized files now loaded: 0)
System memory in use before: 71.3 MB.
System memory in use after: 71.4 MB.

Unloading 14 unused Assets to reduce memory usage. Loaded Objects now: 1884.
Total: 2.276900 ms (FindLiveObjects: 0.128300 ms CreateObjectMapping: 0.039300 ms MarkObjects: 2.076400 ms  DeleteObjects: 0.032200 ms)

AssetImportParameters requested are different than current active one (requested -> active):
  custom:framework-win-MediaFoundation: 216162199b28c13a410421893ffa2e32 -> 
  custom:video-decoder-ogg-theora: a1e56fd34408186e4bbccfd4996cb3dc -> 
  custom:container-muxer-webm: aa71ff27fc2769a1b78a27578f13a17b -> 
  custom:container-demuxer-webm: 4f35f7cbe854078d1ac9338744f61a02 -> 
  custom:container-demuxer-ogg: 62fdf1f143b41e24485cea50d1cbac27 -> 
  custom:video-encoder-webm-vp8: eb34c28f22e8b96e1ab97ce403110664 -> 
  custom:video-decoder-webm-vp8: 9c59270c3fd7afecdb556c50c9e8de78 -> 
  custom:graphics/normal-map-encoding: 01000000000000000000000000000000 -> 02000000000000000000000000000000
  custom:audio-decoder-ogg-vorbis: bf7c407c2cedff20999df2af8eb42d56 -> 
  custom:audio-encoder-webm-vorbis: bf7c407c2cedff20999df2af8eb42d56 -> 
========================================================================
Received Import Request.
  Time since last request: 765.923373 seconds.
  path: Assets/AlienBullet.prefab
  artifactKey: Guid(3385b1311cf90df40960de020c8780df) Importer(815301076,1909f56bfc062723c751e8b465ee728b)
Start importing Assets/AlienBullet.prefab using Guid(3385b1311cf90df40960de020c8780df) Importer(815301076,1909f56bfc062723c751e8b465ee728b)  -> (artifact id: 'e7d0d8f8275f21b71faaacc046daef79') in 0.043443 seconds 
  Import took 0.045499 seconds .

========================================================================
Received Import Request.
  Time since last request: 2.568433 seconds.
  path: Assets/Bullet.prefab
  artifactKey: Guid(46cb7458201a8184bb5f765ec9018b52) Importer(815301076,1909f56bfc062723c751e8b465ee728b)
Start importing Assets/Bullet.prefab using Guid(46cb7458201a8184bb5f765ec9018b52) Importer(815301076,1909f56bfc062723c751e8b465ee728b)  -> (artifact id: '3f6ddea926714cc087f5d84ed6f54e4f') in 0.012697 seconds 
  Import took 0.015186 seconds .

========================================================================
Received Import Request.
  Time since last request: 0.000659 seconds.
  path: Assets/Bullet.prefab
  artifactKey: Guid(46cb7458201a8184bb5f765ec9018b52) Importer(815301076,1909f56bfc062723c751e8b465ee728b)
Start importing Assets/Bullet.prefab using Guid(46cb7458201a8184bb5f765ec9018b52) Importer(815301076,1909f56bfc062723c751e8b465ee728b)  -> (artifact id: '3f6ddea926714cc087f5d84ed6f54e4f') in 0.016570 seconds 
  Import took 0.018864 seconds .

========================================================================
Received Prepare
Registering precompiled user dll's ...
Registered in 0.003491 seconds.
Begin MonoManager ReloadAssembly
Native extension for WindowsStandalone target not found
Native extension for WebGL target not found
Refreshing native plugins compatible for Editor in 0.26 ms, found 2 plugins.
Preloading 0 native plugins for Editor in 0.00 ms.
Mono: successfully reloaded assembly
- Completed reload, in  0.887 seconds
Domain Reload Profiling:
	ReloadAssembly (887ms)
		BeginReloadAssembly (93ms)
			ExecutionOrderSort (0ms)
			DisableScriptedObjects (3ms)
			BackupInstance (0ms)
			ReleaseScriptingObjects (0ms)
			CreateAndSetChildDomain (24ms)
		EndReloadAssembly (743ms)
			LoadAssemblies (68ms)
			RebuildTransferFunctionScriptingTraits (0ms)
			SetupTypeCache (207ms)
			ReleaseScriptCaches (1ms)
			RebuildScriptCaches (28ms)
			SetupLoadedEditorAssemblies (283ms)
				LogAssemblyErrors (0ms)
				InitializePlatformSupportModulesInManaged (5ms)
				SetLoadedEditorAssemblies (0ms)
				RefreshPlugins (0ms)
				BeforeProcessingInitializeOnLoad (43ms)
				ProcessInitializeOnLoadAttributes (223ms)
				ProcessInitializeOnLoadMethodAttributes (4ms)
				AfterProcessingInitializeOnLoad (7ms)
				EditorAssembliesLoaded (0ms)
			ExecutionOrderSort2 (0ms)
			AwakeInstancesAfterBackupRestoration (6ms)
Platform modules already initialized, skipping
Switching build target platform(19) subTarget(0) extendedPlatform(0) -> platform(9) subTarget(16777218) extendedPlatform(0)
Refreshing native plugins compatible for Editor in 0.27 ms, found 2 plugins.
Preloading 0 native plugins for Editor in 0.00 ms.
Unloading 1405 Unused Serialized files (Serialized files now loaded: 0)
System memory in use before: 71.3 MB.
System memory in use after: 71.4 MB.

Unloading 14 unused Assets to reduce memory usage. Loaded Objects now: 1887.
Total: 2.246300 ms (FindLiveObjects: 0.116900 ms CreateObjectMapping: 0.032500 ms MarkObjects: 2.080900 ms  DeleteObjects: 0.015100 ms)

AssetImportParameters requested are different than current active one (requested -> active):
  custom:framework-win-MediaFoundation: 216162199b28c13a410421893ffa2e32 -> 
  custom:video-decoder-ogg-theora: a1e56fd34408186e4bbccfd4996cb3dc -> 
  custom:container-muxer-webm: aa71ff27fc2769a1b78a27578f13a17b -> 
  custom:container-demuxer-webm: 4f35f7cbe854078d1ac9338744f61a02 -> 
  custom:container-demuxer-ogg: 62fdf1f143b41e24485cea50d1cbac27 -> 
  custom:video-encoder-webm-vp8: eb34c28f22e8b96e1ab97ce403110664 -> 
  custom:video-decoder-webm-vp8: 9c59270c3fd7afecdb556c50c9e8de78 -> 
  custom:graphics/normal-map-encoding: 01000000000000000000000000000000 -> 02000000000000000000000000000000
  custom:audio-decoder-ogg-vorbis: bf7c407c2cedff20999df2af8eb42d56 -> 
  custom:audio-encoder-webm-vorbis: bf7c407c2cedff20999df2af8eb42d56 -> 
========================================================================
Received Import Request.
  Time since last request: 123.322655 seconds.
  path: Assets/AlienBullet.prefab
  artifactKey: Guid(3385b1311cf90df40960de020c8780df) Importer(815301076,1909f56bfc062723c751e8b465ee728b)
Start importing Assets/AlienBullet.prefab using Guid(3385b1311cf90df40960de020c8780df) Importer(815301076,1909f56bfc062723c751e8b465ee728b)  -> (artifact id: '6ae36344f13bb1d636f05cc049b8c759') in 0.043163 seconds 
  Import took 0.045220 seconds .

========================================================================
Received Import Request.
  Time since last request: 10.206046 seconds.
  path: Assets/AlienBullet.prefab
  artifactKey: Guid(3385b1311cf90df40960de020c8780df) Importer(815301076,1909f56bfc062723c751e8b465ee728b)
Start importing Assets/AlienBullet.prefab using Guid(3385b1311cf90df40960de020c8780df) Importer(815301076,1909f56bfc062723c751e8b465ee728b)  -> (artifact id: '512c6dae0e5d5aa55cb2761adc1267e1') in 0.012223 seconds 
  Import took 0.014510 seconds .

========================================================================
Received Import Request.
  Time since last request: 0.001330 seconds.
  path: Assets/AlienBullet.prefab
  artifactKey: Guid(3385b1311cf90df40960de020c8780df) Importer(815301076,1909f56bfc062723c751e8b465ee728b)
Start importing Assets/AlienBullet.prefab using Guid(3385b1311cf90df40960de020c8780df) Importer(815301076,1909f56bfc062723c751e8b465ee728b)  -> (artifact id: '512c6dae0e5d5aa55cb2761adc1267e1') in 0.011841 seconds 
  Import took 0.014178 seconds .

========================================================================
Received Import Request.
  Time since last request: 15.982114 seconds.
  path: Assets/AlienBullet.prefab
  artifactKey: Guid(3385b1311cf90df40960de020c8780df) Importer(815301076,1909f56bfc062723c751e8b465ee728b)
Start importing Assets/AlienBullet.prefab using Guid(3385b1311cf90df40960de020c8780df) Importer(815301076,1909f56bfc062723c751e8b465ee728b)  -> (artifact id: '125aca2f56ad9e482fb8d8aa3590c466') in 0.008828 seconds 
  Import took 0.011099 seconds .

========================================================================
Received Import Request.
  Time since last request: 0.003085 seconds.
  path: Assets/AlienBullet.prefab
  artifactKey: Guid(3385b1311cf90df40960de020c8780df) Importer(815301076,1909f56bfc062723c751e8b465ee728b)
Start importing Assets/AlienBullet.prefab using Guid(3385b1311cf90df40960de020c8780df) Importer(815301076,1909f56bfc062723c751e8b465ee728b)  -> (artifact id: '125aca2f56ad9e482fb8d8aa3590c466') in 0.011703 seconds 
  Import took 0.013912 seconds .

========================================================================
Received Import Request.
  Time since last request: 28.596211 seconds.
  path: Assets/Bullet.prefab
  artifactKey: Guid(46cb7458201a8184bb5f765ec9018b52) Importer(815301076,1909f56bfc062723c751e8b465ee728b)
Start importing Assets/Bullet.prefab using Guid(46cb7458201a8184bb5f765ec9018b52) Importer(815301076,1909f56bfc062723c751e8b465ee728b)  -> (artifact id: '47f8cee86fc8c881eb8fd03fea1d6184') in 0.010239 seconds 
  Import took 0.012380 seconds .

========================================================================
Received Import Request.
  Time since last request: 0.001488 seconds.
  path: Assets/Bullet.prefab
  artifactKey: Guid(46cb7458201a8184bb5f765ec9018b52) Importer(815301076,1909f56bfc062723c751e8b465ee728b)
Start importing Assets/Bullet.prefab using Guid(46cb7458201a8184bb5f765ec9018b52) Importer(815301076,1909f56bfc062723c751e8b465ee728b)  -> (artifact id: '47f8cee86fc8c881eb8fd03fea1d6184') in 0.011208 seconds 
  Import took 0.013474 seconds .

========================================================================
Received Import Request.
  Time since last request: 8.216914 seconds.
  path: Assets/Bullet.prefab
  artifactKey: Guid(46cb7458201a8184bb5f765ec9018b52) Importer(815301076,1909f56bfc062723c751e8b465ee728b)
Start importing Assets/Bullet.prefab using Guid(46cb7458201a8184bb5f765ec9018b52) Importer(815301076,1909f56bfc062723c751e8b465ee728b)  -> (artifact id: 'c81fdca664f1ec594e68166f70154809') in 0.009820 seconds 
  Import took 0.012490 seconds .

========================================================================
Received Import Request.
  Time since last request: 0.003760 seconds.
  path: Assets/Bullet.prefab
  artifactKey: Guid(46cb7458201a8184bb5f765ec9018b52) Importer(815301076,1909f56bfc062723c751e8b465ee728b)
Start importing Assets/Bullet.prefab using Guid(46cb7458201a8184bb5f765ec9018b52) Importer(815301076,1909f56bfc062723c751e8b465ee728b)  -> (artifact id: 'c81fdca664f1ec594e68166f70154809') in 0.012414 seconds 
  Import took 0.014627 seconds .

========================================================================
Received Import Request.
  Time since last request: 6.699236 seconds.
  path: Assets/Bullet.prefab
  artifactKey: Guid(46cb7458201a8184bb5f765ec9018b52) Importer(815301076,1909f56bfc062723c751e8b465ee728b)
Start importing Assets/Bullet.prefab using Guid(46cb7458201a8184bb5f765ec9018b52) Importer(815301076,1909f56bfc062723c751e8b465ee728b)  -> (artifact id: '7c6fbb9740451504b270372e94db24f5') in 0.008991 seconds 
  Import took 0.011629 seconds .

========================================================================
Received Import Request.
  Time since last request: 0.002827 seconds.
  path: Assets/Bullet.prefab
  artifactKey: Guid(46cb7458201a8184bb5f765ec9018b52) Importer(815301076,1909f56bfc062723c751e8b465ee728b)
Start importing Assets/Bullet.prefab using Guid(46cb7458201a8184bb5f765ec9018b52) Importer(815301076,1909f56bfc062723c751e8b465ee728b)  -> (artifact id: '7c6fbb9740451504b270372e94db24f5') in 0.017255 seconds 
  Import took 0.019519 seconds .

========================================================================
Received Prepare
Registering precompiled user dll's ...
Registered in 0.003508 seconds.
Begin MonoManager ReloadAssembly
Native extension for WindowsStandalone target not found
Native extension for WebGL target not found
Refreshing native plugins compatible for Editor in 0.29 ms, found 2 plugins.
Preloading 0 native plugins for Editor in 0.00 ms.
Mono: successfully reloaded assembly
- Completed reload, in  0.954 seconds
Domain Reload Profiling:
	ReloadAssembly (954ms)
		BeginReloadAssembly (99ms)
			ExecutionOrderSort (0ms)
			DisableScriptedObjects (3ms)
			BackupInstance (0ms)
			ReleaseScriptingObjects (0ms)
			CreateAndSetChildDomain (25ms)
		EndReloadAssembly (800ms)
			LoadAssemblies (73ms)
			RebuildTransferFunctionScriptingTraits (0ms)
			SetupTypeCache (218ms)
			ReleaseScriptCaches (1ms)
			RebuildScriptCaches (31ms)
			SetupLoadedEditorAssemblies (312ms)
				LogAssemblyErrors (0ms)
				InitializePlatformSupportModulesInManaged (5ms)
				SetLoadedEditorAssemblies (0ms)
				RefreshPlugins (0ms)
				BeforeProcessingInitializeOnLoad (47ms)
				ProcessInitializeOnLoadAttributes (249ms)
				ProcessInitializeOnLoadMethodAttributes (3ms)
				AfterProcessingInitializeOnLoad (7ms)
				EditorAssembliesLoaded (0ms)
			ExecutionOrderSort2 (0ms)
			AwakeInstancesAfterBackupRestoration (6ms)
Platform modules already initialized, skipping
Switching build target platform(19) subTarget(0) extendedPlatform(0) -> platform(9) subTarget(16777218) extendedPlatform(0)
Refreshing native plugins compatible for Editor in 0.27 ms, found 2 plugins.
Preloading 0 native plugins for Editor in 0.00 ms.
Unloading 1405 Unused Serialized files (Serialized files now loaded: 0)
System memory in use before: 71.4 MB.
System memory in use after: 71.5 MB.

Unloading 14 unused Assets to reduce memory usage. Loaded Objects now: 1890.
Total: 2.208600 ms (FindLiveObjects: 0.139300 ms CreateObjectMapping: 0.041000 ms MarkObjects: 2.012700 ms  DeleteObjects: 0.014900 ms)

AssetImportParameters requested are different than current active one (requested -> active):
  custom:framework-win-MediaFoundation: 216162199b28c13a410421893ffa2e32 -> 
  custom:video-decoder-ogg-theora: a1e56fd34408186e4bbccfd4996cb3dc -> 
  custom:container-muxer-webm: aa71ff27fc2769a1b78a27578f13a17b -> 
  custom:container-demuxer-webm: 4f35f7cbe854078d1ac9338744f61a02 -> 
  custom:container-demuxer-ogg: 62fdf1f143b41e24485cea50d1cbac27 -> 
  custom:video-encoder-webm-vp8: eb34c28f22e8b96e1ab97ce403110664 -> 
  custom:video-decoder-webm-vp8: 9c59270c3fd7afecdb556c50c9e8de78 -> 
  custom:graphics/normal-map-encoding: 01000000000000000000000000000000 -> 02000000000000000000000000000000
  custom:audio-decoder-ogg-vorbis: bf7c407c2cedff20999df2af8eb42d56 -> 
  custom:audio-encoder-webm-vorbis: bf7c407c2cedff20999df2af8eb42d56 -> 
========================================================================
Received Import Request.
  Time since last request: 56.680110 seconds.
  path: Assets/AlienBullet.prefab
  artifactKey: Guid(3385b1311cf90df40960de020c8780df) Importer(815301076,1909f56bfc062723c751e8b465ee728b)
Start importing Assets/AlienBullet.prefab using Guid(3385b1311cf90df40960de020c8780df) Importer(815301076,1909f56bfc062723c751e8b465ee728b)  -> (artifact id: '42dcfdaaacdf4084f1b07f1a5f282a68') in 0.046434 seconds 
  Import took 0.048491 seconds .

========================================================================
Received Import Request.
  Time since last request: 20.184365 seconds.
  path: Assets/AlienBullet.prefab
  artifactKey: Guid(3385b1311cf90df40960de020c8780df) Importer(815301076,1909f56bfc062723c751e8b465ee728b)
Start importing Assets/AlienBullet.prefab using Guid(3385b1311cf90df40960de020c8780df) Importer(815301076,1909f56bfc062723c751e8b465ee728b)  -> (artifact id: '886838003dc1897968c7b1f233da401f') in 0.012000 seconds 
  Import took 0.014561 seconds .

========================================================================
Received Import Request.
  Time since last request: 64.313533 seconds.
  path: Assets/AlienBullet.prefab
  artifactKey: Guid(3385b1311cf90df40960de020c8780df) Importer(815301076,1909f56bfc062723c751e8b465ee728b)
Start importing Assets/AlienBullet.prefab using Guid(3385b1311cf90df40960de020c8780df) Importer(815301076,1909f56bfc062723c751e8b465ee728b)  -> (artifact id: '8f4a964f7156fc655cce088bf3522daa') in 0.010424 seconds 
  Import took 0.013143 seconds .

========================================================================
Received Import Request.
  Time since last request: 0.002076 seconds.
  path: Assets/AlienBullet.prefab
  artifactKey: Guid(3385b1311cf90df40960de020c8780df) Importer(815301076,1909f56bfc062723c751e8b465ee728b)
Start importing Assets/AlienBullet.prefab using Guid(3385b1311cf90df40960de020c8780df) Importer(815301076,1909f56bfc062723c751e8b465ee728b)  -> (artifact id: '8f4a964f7156fc655cce088bf3522daa') in 0.010199 seconds 
  Import took 0.012329 seconds .

========================================================================
Received Import Request.
  Time since last request: 23.465511 seconds.
  path: Assets/AlienBullet.prefab
  artifactKey: Guid(3385b1311cf90df40960de020c8780df) Importer(815301076,1909f56bfc062723c751e8b465ee728b)
Start importing Assets/AlienBullet.prefab using Guid(3385b1311cf90df40960de020c8780df) Importer(815301076,1909f56bfc062723c751e8b465ee728b)  -> (artifact id: '95bd212081fc4f0d4f551783408f8ec9') in 0.009112 seconds 
  Import took 0.011398 seconds .

========================================================================
Received Import Request.
  Time since last request: 0.002270 seconds.
  path: Assets/AlienBullet.prefab
  artifactKey: Guid(3385b1311cf90df40960de020c8780df) Importer(815301076,1909f56bfc062723c751e8b465ee728b)
Start importing Assets/AlienBullet.prefab using Guid(3385b1311cf90df40960de020c8780df) Importer(815301076,1909f56bfc062723c751e8b465ee728b)  -> (artifact id: '95bd212081fc4f0d4f551783408f8ec9') in 0.009304 seconds 
  Import took 0.011404 seconds .

========================================================================
Received Prepare
Registering precompiled user dll's ...
Registered in 0.003434 seconds.
Begin MonoManager ReloadAssembly
Native extension for WindowsStandalone target not found
Native extension for WebGL target not found
Refreshing native plugins compatible for Editor in 0.45 ms, found 2 plugins.
Preloading 0 native plugins for Editor in 0.00 ms.
Mono: successfully reloaded assembly
- Completed reload, in  0.941 seconds
Domain Reload Profiling:
	ReloadAssembly (942ms)
		BeginReloadAssembly (96ms)
			ExecutionOrderSort (0ms)
			DisableScriptedObjects (4ms)
			BackupInstance (0ms)
			ReleaseScriptingObjects (0ms)
			CreateAndSetChildDomain (25ms)
		EndReloadAssembly (793ms)
			LoadAssemblies (70ms)
			RebuildTransferFunctionScriptingTraits (0ms)
			SetupTypeCache (221ms)
			ReleaseScriptCaches (1ms)
			RebuildScriptCaches (31ms)
			SetupLoadedEditorAssemblies (296ms)
				LogAssemblyErrors (0ms)
				InitializePlatformSupportModulesInManaged (5ms)
				SetLoadedEditorAssemblies (0ms)
				RefreshPlugins (1ms)
				BeforeProcessingInitializeOnLoad (43ms)
				ProcessInitializeOnLoadAttributes (236ms)
				ProcessInitializeOnLoadMethodAttributes (3ms)
				AfterProcessingInitializeOnLoad (8ms)
				EditorAssembliesLoaded (0ms)
			ExecutionOrderSort2 (0ms)
			AwakeInstancesAfterBackupRestoration (6ms)
Platform modules already initialized, skipping
Switching build target platform(19) subTarget(0) extendedPlatform(0) -> platform(9) subTarget(16777218) extendedPlatform(0)
Refreshing native plugins compatible for Editor in 0.26 ms, found 2 plugins.
Preloading 0 native plugins for Editor in 0.00 ms.
Unloading 1405 Unused Serialized files (Serialized files now loaded: 0)
System memory in use before: 71.4 MB.
System memory in use after: 71.5 MB.

Unloading 14 unused Assets to reduce memory usage. Loaded Objects now: 1893.
Total: 2.488600 ms (FindLiveObjects: 0.138000 ms CreateObjectMapping: 0.036700 ms MarkObjects: 2.297100 ms  DeleteObjects: 0.016200 ms)

AssetImportParameters requested are different than current active one (requested -> active):
  custom:framework-win-MediaFoundation: 216162199b28c13a410421893ffa2e32 -> 
  custom:video-decoder-ogg-theora: a1e56fd34408186e4bbccfd4996cb3dc -> 
  custom:container-muxer-webm: aa71ff27fc2769a1b78a27578f13a17b -> 
  custom:container-demuxer-webm: 4f35f7cbe854078d1ac9338744f61a02 -> 
  custom:container-demuxer-ogg: 62fdf1f143b41e24485cea50d1cbac27 -> 
  custom:video-encoder-webm-vp8: eb34c28f22e8b96e1ab97ce403110664 -> 
  custom:video-decoder-webm-vp8: 9c59270c3fd7afecdb556c50c9e8de78 -> 
  custom:graphics/normal-map-encoding: 01000000000000000000000000000000 -> 02000000000000000000000000000000
  custom:audio-decoder-ogg-vorbis: bf7c407c2cedff20999df2af8eb42d56 -> 
  custom:audio-encoder-webm-vorbis: bf7c407c2cedff20999df2af8eb42d56 -> 
========================================================================
Received Import Request.
  Time since last request: 97.695010 seconds.
  path: Assets/AlienBullet.prefab
  artifactKey: Guid(3385b1311cf90df40960de020c8780df) Importer(815301076,1909f56bfc062723c751e8b465ee728b)
Start importing Assets/AlienBullet.prefab using Guid(3385b1311cf90df40960de020c8780df) Importer(815301076,1909f56bfc062723c751e8b465ee728b)  -> (artifact id: '59a7b1f64e1b76afb5ad87953f23daa9') in 0.055294 seconds 
  Import took 0.057887 seconds .

========================================================================
Received Import Request.
  Time since last request: 16.534229 seconds.
  path: Assets/AlienBullet.prefab
  artifactKey: Guid(3385b1311cf90df40960de020c8780df) Importer(815301076,1909f56bfc062723c751e8b465ee728b)
Start importing Assets/AlienBullet.prefab using Guid(3385b1311cf90df40960de020c8780df) Importer(815301076,1909f56bfc062723c751e8b465ee728b)  -> (artifact id: '34e85a2cdfa3c0697b7f0179692002ef') in 0.010221 seconds 
  Import took 0.012271 seconds .

========================================================================
Received Import Request.
  Time since last request: 0.001483 seconds.
  path: Assets/AlienBullet.prefab
  artifactKey: Guid(3385b1311cf90df40960de020c8780df) Importer(815301076,1909f56bfc062723c751e8b465ee728b)
Start importing Assets/AlienBullet.prefab using Guid(3385b1311cf90df40960de020c8780df) Importer(815301076,1909f56bfc062723c751e8b465ee728b)  -> (artifact id: '34e85a2cdfa3c0697b7f0179692002ef') in 0.008694 seconds 
  Import took 0.010726 seconds .

========================================================================
Received Import Request.
  Time since last request: 15.073206 seconds.
  path: Assets/AlienBullet.prefab
  artifactKey: Guid(3385b1311cf90df40960de020c8780df) Importer(815301076,1909f56bfc062723c751e8b465ee728b)
Start importing Assets/AlienBullet.prefab using Guid(3385b1311cf90df40960de020c8780df) Importer(815301076,1909f56bfc062723c751e8b465ee728b)  -> (artifact id: '2367ad4bf4fb041bd090c80cb94d578d') in 0.009642 seconds 
  Import took 0.012273 seconds .

========================================================================
Received Import Request.
  Time since last request: 0.005950 seconds.
  path: Assets/AlienBullet.prefab
  artifactKey: Guid(3385b1311cf90df40960de020c8780df) Importer(815301076,1909f56bfc062723c751e8b465ee728b)
Start importing Assets/AlienBullet.prefab using Guid(3385b1311cf90df40960de020c8780df) Importer(815301076,1909f56bfc062723c751e8b465ee728b)  -> (artifact id: '2367ad4bf4fb041bd090c80cb94d578d') in 0.009283 seconds 
  Import took 0.011368 seconds .

========================================================================
Received Import Request.
  Time since last request: 37.367309 seconds.
  path: Assets/AlienBullet.prefab
  artifactKey: Guid(3385b1311cf90df40960de020c8780df) Importer(815301076,1909f56bfc062723c751e8b465ee728b)
Start importing Assets/AlienBullet.prefab using Guid(3385b1311cf90df40960de020c8780df) Importer(815301076,1909f56bfc062723c751e8b465ee728b)  -> (artifact id: '44e404b51cd3220952dfadd172f70581') in 0.008515 seconds 
  Import took 0.010631 seconds .

========================================================================
Received Import Request.
  Time since last request: 8.280646 seconds.
  path: Assets/AlienBullet.prefab
  artifactKey: Guid(3385b1311cf90df40960de020c8780df) Importer(815301076,1909f56bfc062723c751e8b465ee728b)
Start importing Assets/AlienBullet.prefab using Guid(3385b1311cf90df40960de020c8780df) Importer(815301076,1909f56bfc062723c751e8b465ee728b)  -> (artifact id: '8b5d5899bdf90ca76e3cee6f0cfcd507') in 0.011064 seconds 
  Import took 0.013401 seconds .

========================================================================
Received Import Request.
  Time since last request: 16.783084 seconds.
  path: Assets/AlienBullet.prefab
  artifactKey: Guid(3385b1311cf90df40960de020c8780df) Importer(815301076,1909f56bfc062723c751e8b465ee728b)
Start importing Assets/AlienBullet.prefab using Guid(3385b1311cf90df40960de020c8780df) Importer(815301076,1909f56bfc062723c751e8b465ee728b)  -> (artifact id: '8006d6a20dfeb84220a72d3d9fbf6a81') in 0.008744 seconds 
  Import took 0.011267 seconds .

========================================================================
Received Import Request.
  Time since last request: 4.028940 seconds.
  path: Assets/AlienBullet.prefab
  artifactKey: Guid(3385b1311cf90df40960de020c8780df) Importer(815301076,1909f56bfc062723c751e8b465ee728b)
Start importing Assets/AlienBullet.prefab using Guid(3385b1311cf90df40960de020c8780df) Importer(815301076,1909f56bfc062723c751e8b465ee728b)  -> (artifact id: 'da8df4a9c53732ee96a6d6860b6e9656') in 0.011112 seconds 
  Import took 0.013339 seconds .

========================================================================
Received Import Request.
  Time since last request: 8.282488 seconds.
  path: Assets/AlienBullet.prefab
  artifactKey: Guid(3385b1311cf90df40960de020c8780df) Importer(815301076,1909f56bfc062723c751e8b465ee728b)
Start importing Assets/AlienBullet.prefab using Guid(3385b1311cf90df40960de020c8780df) Importer(815301076,1909f56bfc062723c751e8b465ee728b)  -> (artifact id: '4ace713e8ba9bba104b85dccc0b03049') in 0.008499 seconds 
  Import took 0.010712 seconds .

========================================================================
Received Prepare
Registering precompiled user dll's ...
Registered in 0.003588 seconds.
Begin MonoManager ReloadAssembly
Native extension for WindowsStandalone target not found
Native extension for WebGL target not found
Refreshing native plugins compatible for Editor in 0.27 ms, found 2 plugins.
Preloading 0 native plugins for Editor in 0.00 ms.
Mono: successfully reloaded assembly
- Completed reload, in  1.092 seconds
Domain Reload Profiling:
	ReloadAssembly (1093ms)
		BeginReloadAssembly (102ms)
			ExecutionOrderSort (0ms)
			DisableScriptedObjects (4ms)
			BackupInstance (0ms)
			ReleaseScriptingObjects (0ms)
			CreateAndSetChildDomain (31ms)
		EndReloadAssembly (928ms)
			LoadAssemblies (82ms)
			RebuildTransferFunctionScriptingTraits (0ms)
			SetupTypeCache (256ms)
			ReleaseScriptCaches (1ms)
			RebuildScriptCaches (35ms)
			SetupLoadedEditorAssemblies (363ms)
				LogAssemblyErrors (0ms)
				InitializePlatformSupportModulesInManaged (5ms)
				SetLoadedEditorAssemblies (0ms)
				RefreshPlugins (0ms)
				BeforeProcessingInitializeOnLoad (54ms)
				ProcessInitializeOnLoadAttributes (291ms)
				ProcessInitializeOnLoadMethodAttributes (3ms)
				AfterProcessingInitializeOnLoad (8ms)
				EditorAssembliesLoaded (0ms)
			ExecutionOrderSort2 (0ms)
			AwakeInstancesAfterBackupRestoration (7ms)
Platform modules already initialized, skipping
Switching build target platform(19) subTarget(0) extendedPlatform(0) -> platform(9) subTarget(16777218) extendedPlatform(0)
Refreshing native plugins compatible for Editor in 0.32 ms, found 2 plugins.
Preloading 0 native plugins for Editor in 0.00 ms.
Unloading 1405 Unused Serialized files (Serialized files now loaded: 0)
System memory in use before: 71.4 MB.
System memory in use after: 71.5 MB.

Unloading 14 unused Assets to reduce memory usage. Loaded Objects now: 1896.
Total: 3.285100 ms (FindLiveObjects: 0.268500 ms CreateObjectMapping: 0.064600 ms MarkObjects: 2.929000 ms  DeleteObjects: 0.021900 ms)

AssetImportParameters requested are different than current active one (requested -> active):
  custom:framework-win-MediaFoundation: 216162199b28c13a410421893ffa2e32 -> 
  custom:video-decoder-ogg-theora: a1e56fd34408186e4bbccfd4996cb3dc -> 
  custom:container-muxer-webm: aa71ff27fc2769a1b78a27578f13a17b -> 
  custom:container-demuxer-webm: 4f35f7cbe854078d1ac9338744f61a02 -> 
  custom:container-demuxer-ogg: 62fdf1f143b41e24485cea50d1cbac27 -> 
  custom:video-encoder-webm-vp8: eb34c28f22e8b96e1ab97ce403110664 -> 
  custom:video-decoder-webm-vp8: 9c59270c3fd7afecdb556c50c9e8de78 -> 
  custom:graphics/normal-map-encoding: 01000000000000000000000000000000 -> 02000000000000000000000000000000
  custom:audio-decoder-ogg-vorbis: bf7c407c2cedff20999df2af8eb42d56 -> 
  custom:audio-encoder-webm-vorbis: bf7c407c2cedff20999df2af8eb42d56 -> 
========================================================================
Received Import Request.
  Time since last request: 32.154158 seconds.
  path: Assets/AlienBullet.prefab
  artifactKey: Guid(3385b1311cf90df40960de020c8780df) Importer(815301076,1909f56bfc062723c751e8b465ee728b)
Start importing Assets/AlienBullet.prefab using Guid(3385b1311cf90df40960de020c8780df) Importer(815301076,1909f56bfc062723c751e8b465ee728b)  -> (artifact id: 'af1484da3faaeb311d893d7d4dbdbe85') in 0.047957 seconds 
  Import took 0.050546 seconds .

========================================================================
Received Prepare
Registering precompiled user dll's ...
Registered in 0.003099 seconds.
Begin MonoManager ReloadAssembly
Native extension for WindowsStandalone target not found
Native extension for WebGL target not found
Refreshing native plugins compatible for Editor in 0.26 ms, found 2 plugins.
Preloading 0 native plugins for Editor in 0.00 ms.
Mono: successfully reloaded assembly
- Completed reload, in  0.921 seconds
Domain Reload Profiling:
	ReloadAssembly (921ms)
		BeginReloadAssembly (98ms)
			ExecutionOrderSort (0ms)
			DisableScriptedObjects (3ms)
			BackupInstance (0ms)
			ReleaseScriptingObjects (0ms)
			CreateAndSetChildDomain (25ms)
		EndReloadAssembly (772ms)
			LoadAssemblies (66ms)
			RebuildTransferFunctionScriptingTraits (0ms)
			SetupTypeCache (207ms)
			ReleaseScriptCaches (1ms)
			RebuildScriptCaches (31ms)
			SetupLoadedEditorAssemblies (283ms)
				LogAssemblyErrors (0ms)
				InitializePlatformSupportModulesInManaged (5ms)
				SetLoadedEditorAssemblies (0ms)
				RefreshPlugins (0ms)
				BeforeProcessingInitializeOnLoad (42ms)
				ProcessInitializeOnLoadAttributes (225ms)
				ProcessInitializeOnLoadMethodAttributes (3ms)
				AfterProcessingInitializeOnLoad (7ms)
				EditorAssembliesLoaded (0ms)
			ExecutionOrderSort2 (0ms)
			AwakeInstancesAfterBackupRestoration (6ms)
Platform modules already initialized, skipping
Switching build target platform(19) subTarget(0) extendedPlatform(0) -> platform(9) subTarget(16777218) extendedPlatform(0)
Refreshing native plugins compatible for Editor in 0.26 ms, found 2 plugins.
Preloading 0 native plugins for Editor in 0.00 ms.
Unloading 1405 Unused Serialized files (Serialized files now loaded: 0)
System memory in use before: 71.4 MB.
System memory in use after: 71.5 MB.

Unloading 14 unused Assets to reduce memory usage. Loaded Objects now: 1899.
Total: 2.137300 ms (FindLiveObjects: 0.138100 ms CreateObjectMapping: 0.038500 ms MarkObjects: 1.943700 ms  DeleteObjects: 0.016300 ms)

AssetImportParameters requested are different than current active one (requested -> active):
  custom:framework-win-MediaFoundation: 216162199b28c13a410421893ffa2e32 -> 
  custom:video-decoder-ogg-theora: a1e56fd34408186e4bbccfd4996cb3dc -> 
  custom:container-muxer-webm: aa71ff27fc2769a1b78a27578f13a17b -> 
  custom:container-demuxer-webm: 4f35f7cbe854078d1ac9338744f61a02 -> 
  custom:container-demuxer-ogg: 62fdf1f143b41e24485cea50d1cbac27 -> 
  custom:video-encoder-webm-vp8: eb34c28f22e8b96e1ab97ce403110664 -> 
  custom:video-decoder-webm-vp8: 9c59270c3fd7afecdb556c50c9e8de78 -> 
  custom:graphics/normal-map-encoding: 01000000000000000000000000000000 -> 02000000000000000000000000000000
  custom:audio-decoder-ogg-vorbis: bf7c407c2cedff20999df2af8eb42d56 -> 
  custom:audio-encoder-webm-vorbis: bf7c407c2cedff20999df2af8eb42d56 -> 
AssetImportWorkerClient::OnTransportError - code=2 error=End of file
